Using pre-set license
Built from '2020.3/staging' branch; Version is '2020.3.4f1 (0abb6314276a) revision 703331'; Using compiler version '192528614'; Build Type 'Release'
OS: 'Windows 10 Home; OS build 18363.1556; Version 1909; 64bit' Language: 'en' Physical Memory: 16196 MB
BatchMode: 1, IsHumanControllingUs: 0, StartBugReporterOnCrash: 0, Is64bit: 1, IsPro: 0

 COMMAND LINE ARGUMENTS:
D:\Programs\Editor\Unity.exe
-adb2
-batchMode
-noUpm
-name
AssetImportWorker0
-projectPath
E:/UnityProjets/SpaceShootARGame
-logFile
Logs/AssetImportWorker0.log
-srvPort
63494
Successfully changed project path to: E:/UnityProjets/SpaceShootARGame
E:/UnityProjets/SpaceShootARGame
Using Asset Import Pipeline V2.
Refreshing native plugins compatible for Editor in 33.32 ms, found 0 plugins.
Preloading 0 native plugins for Editor in 0.00 ms.
Initialize engine version: 2020.3.4f1 (0abb6314276a)
[Subsystems] Discovering subsystems at path D:/Programs/Editor/Data/Resources/UnitySubsystems
[Subsystems] Discovering subsystems at path E:/UnityProjets/SpaceShootARGame/Assets
GfxDevice: creating device client; threaded=0
Direct3D:
    Version:  Direct3D 11.0 [level 11.1]
    Renderer: NVIDIA GeForce RTX 2060 (ID=0x1f11)
    Vendor:   
    VRAM:     5980 MB
    Driver:   27.21.14.6231
Initialize mono
Mono path[0] = 'D:/Programs/Editor/Data/Managed'
Mono path[1] = 'D:/Programs/Editor/Data/MonoBleedingEdge/lib/mono/unityjit'
Mono config path = 'D:/Programs/Editor/Data/MonoBleedingEdge/etc'
Using monoOptions --debugger-agent=transport=dt_socket,embedding=1,server=y,suspend=n,address=127.0.0.1:56256
Begin MonoManager ReloadAssembly
Registering precompiled unity dll's ...
Register platform support module: D:/Programs/Editor/Data/PlaybackEngines/WindowsStandaloneSupport/UnityEditor.WindowsStandalone.Extensions.dll
Registered in 0.001495 seconds.
Native extension for WindowsStandalone target not found
Refreshing native plugins compatible for Editor in 27.58 ms, found 0 plugins.
Preloading 0 native plugins for Editor in 0.00 ms.
Mono: successfully reloaded assembly
- Completed reload, in  1.288 seconds
Platform modules already initialized, skipping
Registering precompiled user dll's ...
Registered in 0.000740 seconds.
Begin MonoManager ReloadAssembly
Native extension for WindowsStandalone target not found
Refreshing native plugins compatible for Editor in 0.27 ms, found 0 plugins.
Preloading 0 native plugins for Editor in 0.00 ms.
Mono: successfully reloaded assembly
- Completed reload, in  0.928 seconds
Platform modules already initialized, skipping
========================================================================
Worker process is ready to serve import requests
Launched and connected shader compiler UnityShaderCompiler.exe after 0.06 seconds
Refreshing native plugins compatible for Editor in 0.51 ms, found 0 plugins.
Preloading 0 native plugins for Editor in 0.00 ms.
Unloading 1453 Unused Serialized files (Serialized files now loaded: 0)
System memory in use before: 68.6 MB.
System memory in use after: 68.6 MB.

Unloading 11 unused Assets to reduce memory usage. Loaded Objects now: 1896.
Total: 1.805100 ms (FindLiveObjects: 0.190300 ms CreateObjectMapping: 0.062800 ms MarkObjects: 1.455800 ms  DeleteObjects: 0.095100 ms)

========================================================================
Received Import Request.
  path: Assets/PlacementIndicator
  artifactKey: Guid(a759e24cdba0af149a1aa14e0c0c3507) Importer(815301076,1909f56bfc062723c751e8b465ee728b)
Start importing Assets/PlacementIndicator using Guid(a759e24cdba0af149a1aa14e0c0c3507) Importer(815301076,1909f56bfc062723c751e8b465ee728b)  -> (artifact id: 'd340757ba2a486c76be89fb042d4090d') in 0.066528 seconds
  Import took 0.068921 seconds .

========================================================================
Received Import Request.
  Time since last request: 0.507909 seconds.
  path: Assets/PlacementIndicator/ARCoreSettings.asset
  artifactKey: Guid(fdd59603f19f1564992f28a9a201b999) Importer(815301076,1909f56bfc062723c751e8b465ee728b)
Start importing Assets/PlacementIndicator/ARCoreSettings.asset using Guid(fdd59603f19f1564992f28a9a201b999) Importer(815301076,1909f56bfc062723c751e8b465ee728b)  -> (artifact id: 'b4b0df210bc382e93fcbf4a936d99d1e') in 0.101914 seconds
  Import took 0.104432 seconds .

========================================================================
Received Import Request.
  Time since last request: 0.000225 seconds.
  path: Assets/PlacementIndicator/PlacementMarkerBase.mat
  artifactKey: Guid(9a05421f2b998fb47904721de5a88485) Importer(815301076,1909f56bfc062723c751e8b465ee728b)
Start importing Assets/PlacementIndicator/PlacementMarkerBase.mat using Guid(9a05421f2b998fb47904721de5a88485) Importer(815301076,1909f56bfc062723c751e8b465ee728b)  -> (artifact id: 'abe594193cf6a11003dcedb92abd3cb1') in 0.335487 seconds
  Import took 0.338018 seconds .

========================================================================
Received Import Request.
  Time since last request: 0.000352 seconds.
  path: Assets/PlacementIndicator/PlacementMarkerBase.png
  artifactKey: Guid(80086c5436c6736479cb86d65711dc11) Importer(815301076,1909f56bfc062723c751e8b465ee728b)
Start importing Assets/PlacementIndicator/PlacementMarkerBase.png using Guid(80086c5436c6736479cb86d65711dc11) Importer(815301076,1909f56bfc062723c751e8b465ee728b)  -> (artifact id: 'fb2793861e6d63b57c283f88b59d94fe') in 0.131771 seconds
  Import took 0.137143 seconds .

========================================================================
Received Import Request.
  Time since last request: 0.000782 seconds.
  path: Assets/PlacementIndicator/PlacementIndicator.prefab
  artifactKey: Guid(657313ed37665534ca96076d14a7b760) Importer(815301076,1909f56bfc062723c751e8b465ee728b)
Start importing Assets/PlacementIndicator/PlacementIndicator.prefab using Guid(657313ed37665534ca96076d14a7b760) Importer(815301076,1909f56bfc062723c751e8b465ee728b)  -> (artifact id: 'e9967c80bcb2a28c22275ab3b8b5a10f') in 0.103880 seconds
  Import took 0.114429 seconds .

========================================================================
Received Import Request.
  Time since last request: 0.697587 seconds.
  path: Assets/Space Kit/Preview.png
  artifactKey: Guid(58c51753ba7d45b4ba30085ff74681ff) Importer(815301076,1909f56bfc062723c751e8b465ee728b)
Start importing Assets/Space Kit/Preview.png using Guid(58c51753ba7d45b4ba30085ff74681ff) Importer(815301076,1909f56bfc062723c751e8b465ee728b)  -> (artifact id: 'e32ad4c9e6f3f3c8e5cf766e6a53ca95') in 0.086853 seconds
  Import took 0.091290 seconds .

========================================================================
Received Import Request.
  Time since last request: 3.751231 seconds.
  path: Assets/Prefabs/Enemy.prefab
  artifactKey: Guid(d82126a6b7b8d9c42aa0eee9df778cae) Importer(815301076,1909f56bfc062723c751e8b465ee728b)
Start importing Assets/Prefabs/Enemy.prefab using Guid(d82126a6b7b8d9c42aa0eee9df778cae) Importer(815301076,1909f56bfc062723c751e8b465ee728b)  -> (artifact id: 'ede6b449bad02960cc6904bd703b1591') in 0.545702 seconds
  Import took 0.551555 seconds .

========================================================================
Received Import Request.
  Time since last request: 0.000668 seconds.
  path: Assets/Prefabs/Projectile.prefab
  artifactKey: Guid(4a7497926c88bb24b80e3086ab6c947a) Importer(815301076,1909f56bfc062723c751e8b465ee728b)
Start importing Assets/Prefabs/Projectile.prefab using Guid(4a7497926c88bb24b80e3086ab6c947a) Importer(815301076,1909f56bfc062723c751e8b465ee728b)  -> (artifact id: 'e8be974deb7ad3f30fc475d20c5e11c7') in 0.095896 seconds
  Import took 0.099821 seconds .

========================================================================
Received Import Request.
  Time since last request: 1.681444 seconds.
  path: Assets/Materials/Projectile.mat
  artifactKey: Guid(1cef17409e8d9f04e918efd161c8c428) Importer(815301076,1909f56bfc062723c751e8b465ee728b)
Start importing Assets/Materials/Projectile.mat using Guid(1cef17409e8d9f04e918efd161c8c428) Importer(815301076,1909f56bfc062723c751e8b465ee728b)  -> (artifact id: '44a88e8b9f28f0baf8e5aecb04dfa79c') in 0.108827 seconds
  Import took 0.113122 seconds .

========================================================================
Received Prepare
Registering precompiled user dll's ...
Registered in 0.000723 seconds.
Begin MonoManager ReloadAssembly
Native extension for WindowsStandalone target not found
Refreshing native plugins compatible for Editor in 0.30 ms, found 0 plugins.
Preloading 0 native plugins for Editor in 0.00 ms.
Mono: successfully reloaded assembly
- Completed reload, in  0.795 seconds
Platform modules already initialized, skipping
Refreshing native plugins compatible for Editor in 0.31 ms, found 0 plugins.
Preloading 0 native plugins for Editor in 0.00 ms.
Unloading 1427 Unused Serialized files (Serialized files now loaded: 0)
System memory in use before: 70.4 MB.
System memory in use after: 70.5 MB.

Unloading 11 unused Assets to reduce memory usage. Loaded Objects now: 1940.
Total: 2.064600 ms (FindLiveObjects: 0.271600 ms CreateObjectMapping: 0.070400 ms MarkObjects: 1.686700 ms  DeleteObjects: 0.034600 ms)

========================================================================
Received Import Request.
  Time since last request: 31.697889 seconds.
  path: Assets/PlacementIndicator/DemoScene.unity
  artifactKey: Guid(a776f0f2b23b7ec48a536a6129f0bdfa) Importer(815301076,1909f56bfc062723c751e8b465ee728b)
Start importing Assets/PlacementIndicator/DemoScene.unity using Guid(a776f0f2b23b7ec48a536a6129f0bdfa) Importer(815301076,1909f56bfc062723c751e8b465ee728b)  -> (artifact id: '4858a1b91695bd6e249caf2d9b267bcf') in 0.106587 seconds
  Import took 0.110106 seconds .

========================================================================
Received Import Request.
  Time since last request: 67.426203 seconds.
  path: Assets/Space Kit/Models/alien.fbx
  artifactKey: Guid(b01867a9b8a815840927587af1861dec) Importer(815301076,1909f56bfc062723c751e8b465ee728b)
Start importing Assets/Space Kit/Models/alien.fbx using Guid(b01867a9b8a815840927587af1861dec) Importer(815301076,1909f56bfc062723c751e8b465ee728b)  -> (artifact id: 'b162bf377b30bb765710a1e4959405f4') in 0.325962 seconds
  Import took 0.330663 seconds .

========================================================================
Received Import Request.
  Time since last request: 0.000357 seconds.
  path: Assets/Space Kit/Models/rocks.fbx
  artifactKey: Guid(5a4c4b0ec1ca681429432f3ea060f8a1) Importer(815301076,1909f56bfc062723c751e8b465ee728b)
Start importing Assets/Space Kit/Models/rocks.fbx using Guid(5a4c4b0ec1ca681429432f3ea060f8a1) Importer(815301076,1909f56bfc062723c751e8b465ee728b)  -> (artifact id: 'dcd369c244b69f4d5ebad23a7b34aeb5') in 0.162053 seconds
  Import took 0.166618 seconds .

========================================================================
Received Import Request.
  Time since last request: 0.000474 seconds.
  path: Assets/Space Kit/Models/alienBones.fbx
  artifactKey: Guid(406656875cded3049920e8edae0f41c3) Importer(815301076,1909f56bfc062723c751e8b465ee728b)
Start importing Assets/Space Kit/Models/alienBones.fbx using Guid(406656875cded3049920e8edae0f41c3) Importer(815301076,1909f56bfc062723c751e8b465ee728b)  -> (artifact id: 'b4f79e97e5cbf25f3f3b5fa4e8d67c94') in 0.160316 seconds
  Import took 0.165368 seconds .

========================================================================
Received Import Request.
  Time since last request: 0.000449 seconds.
  path: Assets/Space Kit/Models/consoleScreen.fbx
  artifactKey: Guid(b6b6f3e8e07ffdc4db0d0031f74ae32f) Importer(815301076,1909f56bfc062723c751e8b465ee728b)
Start importing Assets/Space Kit/Models/consoleScreen.fbx using Guid(b6b6f3e8e07ffdc4db0d0031f74ae32f) Importer(815301076,1909f56bfc062723c751e8b465ee728b)  -> (artifact id: '01da0fe7f0eeb4cf2e3f7f70a6874fb1') in 0.794834 seconds
  Import took 0.798084 seconds .

========================================================================
Received Import Request.
  Time since last request: 0.000301 seconds.
  path: Assets/Space Kit/Models/buildingCorridorOpen.fbx
  artifactKey: Guid(43ecdddc7bc01884faff96c4221b5913) Importer(815301076,1909f56bfc062723c751e8b465ee728b)
Start importing Assets/Space Kit/Models/buildingCorridorOpen.fbx using Guid(43ecdddc7bc01884faff96c4221b5913) Importer(815301076,1909f56bfc062723c751e8b465ee728b)  -> (artifact id: 'df2eeb689d7aa58485eb9300028881de') in 0.162798 seconds
  Import took 0.166133 seconds .

========================================================================
Received Import Request.
  Time since last request: 0.000333 seconds.
  path: Assets/Space Kit/Models/console.fbx
  artifactKey: Guid(eb29b43dd4e9757428a9aad1e5be0c4e) Importer(815301076,1909f56bfc062723c751e8b465ee728b)
Start importing Assets/Space Kit/Models/console.fbx using Guid(eb29b43dd4e9757428a9aad1e5be0c4e) Importer(815301076,1909f56bfc062723c751e8b465ee728b)  -> (artifact id: '24231f6e481682c165cd15f57a90ce83') in 0.152215 seconds
  Import took 0.155665 seconds .

========================================================================
Received Import Request.
  Time since last request: 0.000367 seconds.
  path: Assets/Space Kit/Models/rocksSmall.fbx
  artifactKey: Guid(e5530ce4e3b8eb541bebaae9a19d37c8) Importer(815301076,1909f56bfc062723c751e8b465ee728b)
Start importing Assets/Space Kit/Models/rocksSmall.fbx using Guid(e5530ce4e3b8eb541bebaae9a19d37c8) Importer(815301076,1909f56bfc062723c751e8b465ee728b)  -> (artifact id: 'c78c284bc4d8a4db113e768de6197574') in 0.174365 seconds
  Import took 0.179518 seconds .

========================================================================
Received Import Request.
  Time since last request: 0.000390 seconds.
  path: Assets/Space Kit/Models/metalTileConnectCornerInner.fbx
  artifactKey: Guid(54ee0f7e59a38df49b53ae053d455fb1) Importer(815301076,1909f56bfc062723c751e8b465ee728b)
Start importing Assets/Space Kit/Models/metalTileConnectCornerInner.fbx using Guid(54ee0f7e59a38df49b53ae053d455fb1) Importer(815301076,1909f56bfc062723c751e8b465ee728b)  -> (artifact id: 'ff43e2f0b6d348011c844b71cc1df263') in 0.826004 seconds
  Import took 0.830952 seconds .

========================================================================
Received Import Request.
  Time since last request: 0.000430 seconds.
  path: Assets/Space Kit/Models/pipeStandStraightLinerEnd.fbx
  artifactKey: Guid(160408d3374eef24f8274634d76e45cf) Importer(815301076,1909f56bfc062723c751e8b465ee728b)
Start importing Assets/Space Kit/Models/pipeStandStraightLinerEnd.fbx using Guid(160408d3374eef24f8274634d76e45cf) Importer(815301076,1909f56bfc062723c751e8b465ee728b)  -> (artifact id: 'd3d2bb1846cfaddffc134c0d151ae747') in 0.261554 seconds
  Import took 0.269174 seconds .

========================================================================
Received Import Request.
  Time since last request: 0.000915 seconds.
  path: Assets/Space Kit/Models/spaceCraft3.fbx
  artifactKey: Guid(e1bc789d393462b4596f494e4a3d2426) Importer(815301076,1909f56bfc062723c751e8b465ee728b)
Start importing Assets/Space Kit/Models/spaceCraft3.fbx using Guid(e1bc789d393462b4596f494e4a3d2426) Importer(815301076,1909f56bfc062723c751e8b465ee728b)  -> (artifact id: '93e2a85d0a0d5d163e580a27f75141af') in 0.300394 seconds
  Import took 0.305151 seconds .

========================================================================
Received Import Request.
  Time since last request: 0.000283 seconds.
  path: Assets/Space Kit/Models/metalTileLarge.fbx
  artifactKey: Guid(800108f0c70f4a040b88d5b5ccc8da0b) Importer(815301076,1909f56bfc062723c751e8b465ee728b)
Start importing Assets/Space Kit/Models/metalTileLarge.fbx using Guid(800108f0c70f4a040b88d5b5ccc8da0b) Importer(815301076,1909f56bfc062723c751e8b465ee728b)  -> (artifact id: '64c37cdc7e683b5c0712a51806f79689') in 0.296983 seconds
  Import took 0.300194 seconds .

========================================================================
Received Import Request.
  Time since last request: 0.000393 seconds.
  path: Assets/Space Kit/Models/groundTileRough.fbx
  artifactKey: Guid(aae9be5cb0786944b979c9d334fddef7) Importer(815301076,1909f56bfc062723c751e8b465ee728b)
Start importing Assets/Space Kit/Models/groundTileRough.fbx using Guid(aae9be5cb0786944b979c9d334fddef7) Importer(815301076,1909f56bfc062723c751e8b465ee728b)  -> (artifact id: 'e30c4e794307d59e6d4329309b623a98') in 0.273205 seconds
  Import took 0.276766 seconds .

========================================================================
Received Import Request.
  Time since last request: 0.000452 seconds.
  path: Assets/Space Kit/Models/metalFenceCorner.fbx
  artifactKey: Guid(d9752aa6df3d5c84fbcd5872ca4a4e7c) Importer(815301076,1909f56bfc062723c751e8b465ee728b)
Start importing Assets/Space Kit/Models/metalFenceCorner.fbx using Guid(d9752aa6df3d5c84fbcd5872ca4a4e7c) Importer(815301076,1909f56bfc062723c751e8b465ee728b)  -> (artifact id: '250e933096a797252122e8354239920b') in 0.581289 seconds
  Import took 0.587892 seconds .

========================================================================
Received Import Request.
  Time since last request: 0.000248 seconds.
  path: Assets/Space Kit/Models/satelliteDishAntenna.fbx
  artifactKey: Guid(b8efd844ba943764083cdd86a3367830) Importer(815301076,1909f56bfc062723c751e8b465ee728b)
Start importing Assets/Space Kit/Models/satelliteDishAntenna.fbx using Guid(b8efd844ba943764083cdd86a3367830) Importer(815301076,1909f56bfc062723c751e8b465ee728b)  -> (artifact id: 'dba5e15b0c825fa0f0ef7296091624f0') in 0.652422 seconds
  Import took 0.656451 seconds .

========================================================================
Received Import Request.
  Time since last request: 0.001556 seconds.
  path: Assets/Space Kit/Models/spaceCraft2.fbx
  artifactKey: Guid(1e189038777ce4944bcbaf12bc1400df) Importer(815301076,1909f56bfc062723c751e8b465ee728b)
Start importing Assets/Space Kit/Models/spaceCraft2.fbx using Guid(1e189038777ce4944bcbaf12bc1400df) Importer(815301076,1909f56bfc062723c751e8b465ee728b)  -> (artifact id: '383cd4c8c201f6d7c0381150caf55c66') in 0.282052 seconds
  Import took 0.288349 seconds .

========================================================================
Received Import Request.
  Time since last request: 0.000866 seconds.
  path: Assets/Space Kit/Models/spaceCraft5.fbx
  artifactKey: Guid(842bf22ba409fb74ab5d73233d377f91) Importer(815301076,1909f56bfc062723c751e8b465ee728b)
Start importing Assets/Space Kit/Models/spaceCraft5.fbx using Guid(842bf22ba409fb74ab5d73233d377f91) Importer(815301076,1909f56bfc062723c751e8b465ee728b)  -> (artifact id: '88a0ecd92fa8e377e853fbe2902e60be') in 0.256645 seconds
  Import took 0.263560 seconds .

========================================================================
Received Import Request.
  Time since last request: 0.000590 seconds.
  path: Assets/Space Kit/Models/spaceCraft6.fbx
  artifactKey: Guid(805806cf02dcc0c449fac0df9292e8a0) Importer(815301076,1909f56bfc062723c751e8b465ee728b)
Start importing Assets/Space Kit/Models/spaceCraft6.fbx using Guid(805806cf02dcc0c449fac0df9292e8a0) Importer(815301076,1909f56bfc062723c751e8b465ee728b)  -> (artifact id: '9d8fc366f3bec07d4d1b4b4c26614d80') in 0.271677 seconds
  Import took 0.276411 seconds .

========================================================================
Received Import Request.
  Time since last request: 0.000582 seconds.
  path: Assets/Space Kit/Models/buildingCorner.fbx
  artifactKey: Guid(6c185ecdbe3ae124faec546a7afb9aee) Importer(815301076,1909f56bfc062723c751e8b465ee728b)
Start importing Assets/Space Kit/Models/buildingCorner.fbx using Guid(6c185ecdbe3ae124faec546a7afb9aee) Importer(815301076,1909f56bfc062723c751e8b465ee728b)  -> (artifact id: '793f3afb280ee99a9f0b73c9cf8cf557') in 0.260713 seconds
  Import took 0.264474 seconds .

========================================================================
Received Import Request.
  Time since last request: 0.000347 seconds.
  path: Assets/Space Kit/Models/pipeStraightLiner.fbx
  artifactKey: Guid(0893aa688c0bf2a428371dfeb39309cf) Importer(815301076,1909f56bfc062723c751e8b465ee728b)
Start importing Assets/Space Kit/Models/pipeStraightLiner.fbx using Guid(0893aa688c0bf2a428371dfeb39309cf) Importer(815301076,1909f56bfc062723c751e8b465ee728b)  -> (artifact id: '8641d1252f7fb2f97fef409c9cbd6fca') in 0.240379 seconds
  Import took 0.243213 seconds .

========================================================================
Received Import Request.
  Time since last request: 0.000251 seconds.
  path: Assets/Space Kit/Models/portal.fbx
  artifactKey: Guid(b6c02cbf5bb4231418039d0e0c27ee9b) Importer(815301076,1909f56bfc062723c751e8b465ee728b)
Start importing Assets/Space Kit/Models/portal.fbx using Guid(b6c02cbf5bb4231418039d0e0c27ee9b) Importer(815301076,1909f56bfc062723c751e8b465ee728b)  -> (artifact id: 'd3d66988689199bf90ae8808b6ec5035') in 0.241598 seconds
  Import took 0.244458 seconds .

========================================================================
Received Import Request.
  Time since last request: 0.000342 seconds.
  path: Assets/Space Kit/Models/rocksTall.fbx
  artifactKey: Guid(2458c97181da62a439d20311af32f1e0) Importer(815301076,1909f56bfc062723c751e8b465ee728b)
Start importing Assets/Space Kit/Models/rocksTall.fbx using Guid(2458c97181da62a439d20311af32f1e0) Importer(815301076,1909f56bfc062723c751e8b465ee728b)  -> (artifact id: 'bcd1bf58bbbca3ff440d140cf2c26186') in 0.285219 seconds
  Import took 0.289145 seconds .

========================================================================
Received Import Request.
  Time since last request: 0.000824 seconds.
  path: Assets/Space Kit/Models/consoleCorner.fbx
  artifactKey: Guid(8cd585224accef447ad8c18ab2f6a130) Importer(815301076,1909f56bfc062723c751e8b465ee728b)
Start importing Assets/Space Kit/Models/consoleCorner.fbx using Guid(8cd585224accef447ad8c18ab2f6a130) Importer(815301076,1909f56bfc062723c751e8b465ee728b)  -> (artifact id: '63479fc801a397ff89c3ef59de3633bd') in 0.338028 seconds
  Import took 0.345687 seconds .

========================================================================
Received Import Request.
  Time since last request: 0.000536 seconds.
  path: Assets/Space Kit/Models/rocksTallOre.fbx
  artifactKey: Guid(1cb1bf367524e444dbfe1ec80e1dd8e2) Importer(815301076,1909f56bfc062723c751e8b465ee728b)
Start importing Assets/Space Kit/Models/rocksTallOre.fbx using Guid(1cb1bf367524e444dbfe1ec80e1dd8e2) Importer(815301076,1909f56bfc062723c751e8b465ee728b)  -> (artifact id: 'a8fcf2e9bdf1fb5a0ad0bf692857b85a') in 0.291851 seconds
  Import took 0.295969 seconds .

========================================================================
Received Import Request.
  Time since last request: 0.000313 seconds.
  path: Assets/Space Kit/Models/barrelLarge.fbx
  artifactKey: Guid(eb9b39570f2fe3941aeb5eef0fa090cb) Importer(815301076,1909f56bfc062723c751e8b465ee728b)
Start importing Assets/Space Kit/Models/barrelLarge.fbx using Guid(eb9b39570f2fe3941aeb5eef0fa090cb) Importer(815301076,1909f56bfc062723c751e8b465ee728b)  -> (artifact id: '5201c3029b3bfefb750342df01364994') in 0.274328 seconds
  Import took 0.281137 seconds .

========================================================================
Received Import Request.
  Time since last request: 0.001020 seconds.
  path: Assets/Space Kit/Models/metalTileConnectCorner.fbx
  artifactKey: Guid(f257f523c19c47546b4615ba038946e2) Importer(815301076,1909f56bfc062723c751e8b465ee728b)
Start importing Assets/Space Kit/Models/metalTileConnectCorner.fbx using Guid(f257f523c19c47546b4615ba038946e2) Importer(815301076,1909f56bfc062723c751e8b465ee728b)  -> (artifact id: '536113db5d992197f631e9fc93b83096') in 0.378326 seconds
  Import took 0.384858 seconds .

========================================================================
Received Import Request.
  Time since last request: 0.000306 seconds.
  path: Assets/Space Kit/Models/metalTile.fbx
  artifactKey: Guid(5cd7bad544a06524bb6ccc6364e42e7b) Importer(815301076,1909f56bfc062723c751e8b465ee728b)
Start importing Assets/Space Kit/Models/metalTile.fbx using Guid(5cd7bad544a06524bb6ccc6364e42e7b) Importer(815301076,1909f56bfc062723c751e8b465ee728b)  -> (artifact id: '7888bd354fc3c5695bde5d648ab3dfa1') in 1.005825 seconds
  Import took 1.008968 seconds .

========================================================================
Received Import Request.
  Time since last request: 0.000463 seconds.
  path: Assets/Space Kit/Models/metalTileConnectEnd.fbx
  artifactKey: Guid(0fc7b83bf75525d45ba678b538b7dfbf) Importer(815301076,1909f56bfc062723c751e8b465ee728b)
Start importing Assets/Space Kit/Models/metalTileConnectEnd.fbx using Guid(0fc7b83bf75525d45ba678b538b7dfbf) Importer(815301076,1909f56bfc062723c751e8b465ee728b)  -> (artifact id: 'cb0e5c32df0c278983f618d001ba2cb4') in 0.563142 seconds
  Import took 0.566122 seconds .

========================================================================
Received Import Request.
  Time since last request: 0.000292 seconds.
  path: Assets/Space Kit/Models/metalFence.fbx
  artifactKey: Guid(bb72d676a56df81428ea5fc50f5972f0) Importer(815301076,1909f56bfc062723c751e8b465ee728b)
Start importing Assets/Space Kit/Models/metalFence.fbx using Guid(bb72d676a56df81428ea5fc50f5972f0) Importer(815301076,1909f56bfc062723c751e8b465ee728b)  -> (artifact id: '8d2e257ad080b7c8bff23f1bcbf8dd06') in 0.630035 seconds
  Import took 0.634854 seconds .

========================================================================
Received Import Request.
  Time since last request: 0.000531 seconds.
  path: Assets/Space Kit/Models/robot.fbx
  artifactKey: Guid(e847595418f84864c9be50f9aa777614) Importer(815301076,1909f56bfc062723c751e8b465ee728b)
Start importing Assets/Space Kit/Models/robot.fbx using Guid(e847595418f84864c9be50f9aa777614) Importer(815301076,1909f56bfc062723c751e8b465ee728b)  -> (artifact id: '38a3bd5bb9a9eae946fab8040ac0cf11') in 0.282165 seconds
  Import took 0.287097 seconds .

========================================================================
Received Import Request.
  Time since last request: 0.000519 seconds.
  path: Assets/Space Kit/Models/crater.fbx
  artifactKey: Guid(5aec432257421d04bb450ceeacaf504b) Importer(815301076,1909f56bfc062723c751e8b465ee728b)
Start importing Assets/Space Kit/Models/crater.fbx using Guid(5aec432257421d04bb450ceeacaf504b) Importer(815301076,1909f56bfc062723c751e8b465ee728b)  -> (artifact id: '8b5db799bd7eb91bcfe92d4b8d29febf') in 0.349900 seconds
  Import took 0.354448 seconds .

========================================================================
Received Import Request.
  Time since last request: 0.000483 seconds.
  path: Assets/Space Kit/Models/meteorFullRound.fbx
  artifactKey: Guid(d561111543fa7014bbc136b79a121cd0) Importer(815301076,1909f56bfc062723c751e8b465ee728b)
Start importing Assets/Space Kit/Models/meteorFullRound.fbx using Guid(d561111543fa7014bbc136b79a121cd0) Importer(815301076,1909f56bfc062723c751e8b465ee728b)  -> (artifact id: '37a9e9ee4149f23bcdebe5e679251730') in 0.272485 seconds
  Import took 0.277197 seconds .

========================================================================
Received Import Request.
  Time since last request: 0.000539 seconds.
  path: Assets/Space Kit/Models/frameHigh.fbx
  artifactKey: Guid(991ab8d6d9c90a447b76f02b46c9f58e) Importer(815301076,1909f56bfc062723c751e8b465ee728b)
Start importing Assets/Space Kit/Models/frameHigh.fbx using Guid(991ab8d6d9c90a447b76f02b46c9f58e) Importer(815301076,1909f56bfc062723c751e8b465ee728b)  -> (artifact id: 'aac7e426f947d8057b6317aefc748eb5') in 0.257509 seconds
  Import took 0.261576 seconds .

========================================================================
Received Import Request.
  Time since last request: 0.000354 seconds.
  path: Assets/Space Kit/Models/pipeStand.fbx
  artifactKey: Guid(8db269b48deb52c419815b0df382f9a0) Importer(815301076,1909f56bfc062723c751e8b465ee728b)
Start importing Assets/Space Kit/Models/pipeStand.fbx using Guid(8db269b48deb52c419815b0df382f9a0) Importer(815301076,1909f56bfc062723c751e8b465ee728b)  -> (artifact id: '3df1ea54501ae64f3ebc6202595932be') in 0.266522 seconds
  Import took 0.272262 seconds .

========================================================================
Received Import Request.
  Time since last request: 0.000747 seconds.
  path: Assets/Space Kit/Models/rocksSmallOre.fbx
  artifactKey: Guid(df103a765ec4ecb489a6cdd3df9cfdfa) Importer(815301076,1909f56bfc062723c751e8b465ee728b)
Start importing Assets/Space Kit/Models/rocksSmallOre.fbx using Guid(df103a765ec4ecb489a6cdd3df9cfdfa) Importer(815301076,1909f56bfc062723c751e8b465ee728b)  -> (artifact id: 'af9ee7ffb69e3801a3cb6627aaf96e22') in 0.281618 seconds
  Import took 0.286225 seconds .

========================================================================
Received Import Request.
  Time since last request: 0.000331 seconds.
  path: Assets/Space Kit/Models/meteorFull.fbx
  artifactKey: Guid(9364ed54b3c3e804b8b474345be347aa) Importer(815301076,1909f56bfc062723c751e8b465ee728b)
Start importing Assets/Space Kit/Models/meteorFull.fbx using Guid(9364ed54b3c3e804b8b474345be347aa) Importer(815301076,1909f56bfc062723c751e8b465ee728b)  -> (artifact id: '6cf55dd6e0414474d44492a6aeb82c1d') in 0.339494 seconds
  Import took 0.342663 seconds .

========================================================================
Received Import Request.
  Time since last request: 0.000329 seconds.
  path: Assets/Space Kit/Models/barrel.fbx
  artifactKey: Guid(c742a0228731b0a4ab616aee9243b065) Importer(815301076,1909f56bfc062723c751e8b465ee728b)
Start importing Assets/Space Kit/Models/barrel.fbx using Guid(c742a0228731b0a4ab616aee9243b065) Importer(815301076,1909f56bfc062723c751e8b465ee728b)  -> (artifact id: '014ba50797ecd1217ff40b3b56d76fe7') in 0.285085 seconds
  Import took 0.288494 seconds .

========================================================================
Received Import Request.
  Time since last request: 0.000374 seconds.
  path: Assets/Space Kit/Models/craterLarge.fbx
  artifactKey: Guid(ec8e00dd4abe85c4183aad58752f4012) Importer(815301076,1909f56bfc062723c751e8b465ee728b)
Start importing Assets/Space Kit/Models/craterLarge.fbx using Guid(ec8e00dd4abe85c4183aad58752f4012) Importer(815301076,1909f56bfc062723c751e8b465ee728b)  -> (artifact id: 'a0c8b94be77fff7d389730a942747cea') in 0.273871 seconds
  Import took 0.280024 seconds .

========================================================================
Received Import Request.
  Time since last request: 0.000953 seconds.
  path: Assets/Space Kit/Models/metalTileSmall.fbx
  artifactKey: Guid(df2a244b3abb2c544973e5e7d20d04db) Importer(815301076,1909f56bfc062723c751e8b465ee728b)
Start importing Assets/Space Kit/Models/metalTileSmall.fbx using Guid(df2a244b3abb2c544973e5e7d20d04db) Importer(815301076,1909f56bfc062723c751e8b465ee728b)  -> (artifact id: '6cab6718221801b766da95e21972654f') in 0.278931 seconds
  Import took 0.285379 seconds .

========================================================================
Received Import Request.
  Time since last request: 0.000392 seconds.
  path: Assets/Space Kit/Models/rocksOre.fbx
  artifactKey: Guid(c19b84b7034a2e640af2244b6fae89be) Importer(815301076,1909f56bfc062723c751e8b465ee728b)
Start importing Assets/Space Kit/Models/rocksOre.fbx using Guid(c19b84b7034a2e640af2244b6fae89be) Importer(815301076,1909f56bfc062723c751e8b465ee728b)  -> (artifact id: '791f24870d380803ed30cbf4c27d95d2') in 0.272789 seconds
  Import took 0.275849 seconds .

========================================================================
Received Import Request.
  Time since last request: 0.001128 seconds.
  path: Assets/Space Kit/Models/pipeOpening.fbx
  artifactKey: Guid(65bb255a448353a45b99d3f7b6443836) Importer(815301076,1909f56bfc062723c751e8b465ee728b)
Start importing Assets/Space Kit/Models/pipeOpening.fbx using Guid(65bb255a448353a45b99d3f7b6443836) Importer(815301076,1909f56bfc062723c751e8b465ee728b)  -> (artifact id: 'bb000ac03266036b3b095aecdf773504') in 0.262455 seconds
  Import took 0.265309 seconds .

========================================================================
Received Import Request.
  Time since last request: 0.000284 seconds.
  path: Assets/Space Kit/Models/spaceCraftStand.fbx
  artifactKey: Guid(53b5a58c8d96cb94da5af05718e7807e) Importer(815301076,1909f56bfc062723c751e8b465ee728b)
Start importing Assets/Space Kit/Models/spaceCraftStand.fbx using Guid(53b5a58c8d96cb94da5af05718e7807e) Importer(815301076,1909f56bfc062723c751e8b465ee728b)  -> (artifact id: '6ee97301b37ab9ea4f7d1a080201f589') in 0.252585 seconds
  Import took 0.255510 seconds .

========================================================================
Received Import Request.
  Time since last request: 0.000355 seconds.
  path: Assets/Space Kit/Models/metalTileCorner.fbx
  artifactKey: Guid(be4260dbcb025414dbeaf1f2832aa7f1) Importer(815301076,1909f56bfc062723c751e8b465ee728b)
Start importing Assets/Space Kit/Models/metalTileCorner.fbx using Guid(be4260dbcb025414dbeaf1f2832aa7f1) Importer(815301076,1909f56bfc062723c751e8b465ee728b)  -> (artifact id: '62ee1f2c2d69068d920f3b955e92f5d4') in 0.273912 seconds
  Import took 0.277168 seconds .

========================================================================
Received Import Request.
  Time since last request: 0.000322 seconds.
  path: Assets/Space Kit/Models/satelliteDishLarge.fbx
  artifactKey: Guid(f0f3d779a105c8a4196e5ce471752bc0) Importer(815301076,1909f56bfc062723c751e8b465ee728b)
Start importing Assets/Space Kit/Models/satelliteDishLarge.fbx using Guid(f0f3d779a105c8a4196e5ce471752bc0) Importer(815301076,1909f56bfc062723c751e8b465ee728b)  -> (artifact id: 'caa85f62875c104f8b4fa715e33c489e') in 0.261679 seconds
  Import took 0.264582 seconds .

========================================================================
Received Import Request.
  Time since last request: 0.000287 seconds.
  path: Assets/Space Kit/Models/astronaut.fbx
  artifactKey: Guid(71f3a696493ffaa4ca674ad0838ea9d7) Importer(815301076,1909f56bfc062723c751e8b465ee728b)
Start importing Assets/Space Kit/Models/astronaut.fbx using Guid(71f3a696493ffaa4ca674ad0838ea9d7) Importer(815301076,1909f56bfc062723c751e8b465ee728b)  -> (artifact id: '27af21458bf95c35e60c6578fe87f14f') in 0.420501 seconds
  Import took 0.425478 seconds .

========================================================================
Received Import Request.
  Time since last request: 0.000713 seconds.
  path: Assets/Space Kit/Models/pipeCorner.fbx
  artifactKey: Guid(6ab6954a21a7e8846a543f5f962d34b1) Importer(815301076,1909f56bfc062723c751e8b465ee728b)
Start importing Assets/Space Kit/Models/pipeCorner.fbx using Guid(6ab6954a21a7e8846a543f5f962d34b1) Importer(815301076,1909f56bfc062723c751e8b465ee728b)  -> (artifact id: '9cc3f9d01dadf990e8bc9450e338760a') in 0.258672 seconds
  Import took 0.263543 seconds .

========================================================================
Received Import Request.
  Time since last request: 0.000393 seconds.
  path: Assets/Space Kit/Models/metalTileConnectSide.fbx
  artifactKey: Guid(df2b13ec4976f8948b1e8eea1d2662a0) Importer(815301076,1909f56bfc062723c751e8b465ee728b)
Start importing Assets/Space Kit/Models/metalTileConnectSide.fbx using Guid(df2b13ec4976f8948b1e8eea1d2662a0) Importer(815301076,1909f56bfc062723c751e8b465ee728b)  -> (artifact id: '7e16ce62d0992a730016857434362caf') in 0.239587 seconds
  Import took 0.243939 seconds .

========================================================================
Received Import Request.
  Time since last request: 0.000385 seconds.
  path: Assets/Space Kit/Models/spaceCraft4.fbx
  artifactKey: Guid(8eb269471cba1e749bc881662a786514) Importer(815301076,1909f56bfc062723c751e8b465ee728b)
Start importing Assets/Space Kit/Models/spaceCraft4.fbx using Guid(8eb269471cba1e749bc881662a786514) Importer(815301076,1909f56bfc062723c751e8b465ee728b)  -> (artifact id: 'e7885a09f883363e922d6049046cee8c') in 0.251323 seconds
  Import took 0.258439 seconds .

========================================================================
Received Import Request.
  Time since last request: 0.000694 seconds.
  path: Assets/Space Kit/Models/pipeRamp.fbx
  artifactKey: Guid(4930521061ba15d4fbbf0199ccd7f2e9) Importer(815301076,1909f56bfc062723c751e8b465ee728b)
Start importing Assets/Space Kit/Models/pipeRamp.fbx using Guid(4930521061ba15d4fbbf0199ccd7f2e9) Importer(815301076,1909f56bfc062723c751e8b465ee728b)  -> (artifact id: '64d39e7e22915d4c847d93def6865cdc') in 0.490500 seconds
  Import took 0.497856 seconds .

========================================================================
Received Import Request.
  Time since last request: 0.000513 seconds.
  path: Assets/Space Kit/Models/laserSabel.fbx
  artifactKey: Guid(be9cf4da5967d6b4fad039ee8a417bec) Importer(815301076,1909f56bfc062723c751e8b465ee728b)
Start importing Assets/Space Kit/Models/laserSabel.fbx using Guid(be9cf4da5967d6b4fad039ee8a417bec) Importer(815301076,1909f56bfc062723c751e8b465ee728b)  -> (artifact id: 'f74b9d113722558446df9cca8af44e78') in 1.181410 seconds
  Import took 1.187109 seconds .

========================================================================
Received Import Request.
  Time since last request: 0.000643 seconds.
  path: Assets/Space Kit/Models/metalStructureBottom.fbx
  artifactKey: Guid(a7ac04382941d724e96484e6f73bc9a4) Importer(815301076,1909f56bfc062723c751e8b465ee728b)
Start importing Assets/Space Kit/Models/metalStructureBottom.fbx using Guid(a7ac04382941d724e96484e6f73bc9a4) Importer(815301076,1909f56bfc062723c751e8b465ee728b)  -> (artifact id: '17a2bf3865d211a7e758b50ce26cc8f2') in 0.737092 seconds
  Import took 0.741155 seconds .

========================================================================
Received Import Request.
  Time since last request: 0.000274 seconds.
  path: Assets/Space Kit/Models/meteorHalf.fbx
  artifactKey: Guid(3c8414d838fe5ee4a8651ac7dcafb82b) Importer(815301076,1909f56bfc062723c751e8b465ee728b)
Start importing Assets/Space Kit/Models/meteorHalf.fbx using Guid(3c8414d838fe5ee4a8651ac7dcafb82b) Importer(815301076,1909f56bfc062723c751e8b465ee728b)  -> (artifact id: 'e6b8ff7e13f840c51e055a4e6e42baa6') in 0.263306 seconds
  Import took 0.266662 seconds .

========================================================================
Received Import Request.
  Time since last request: 0.000354 seconds.
  path: Assets/Space Kit/Models/buildingCorridorOpenEnd.fbx
  artifactKey: Guid(4bb7aaba8e290684badd3ccb2d6c6309) Importer(815301076,1909f56bfc062723c751e8b465ee728b)
Start importing Assets/Space Kit/Models/buildingCorridorOpenEnd.fbx using Guid(4bb7aaba8e290684badd3ccb2d6c6309) Importer(815301076,1909f56bfc062723c751e8b465ee728b)  -> (artifact id: '958af0edf3882fa5a746842541ae860b') in 0.262707 seconds
  Import took 0.265863 seconds .

========================================================================
Received Import Request.
  Time since last request: 0.000310 seconds.
  path: Assets/Space Kit/Models/metalTileConnectCenter.fbx
  artifactKey: Guid(82d0963f54f1a1b48b07a638bf90a73f) Importer(815301076,1909f56bfc062723c751e8b465ee728b)
Start importing Assets/Space Kit/Models/metalTileConnectCenter.fbx using Guid(82d0963f54f1a1b48b07a638bf90a73f) Importer(815301076,1909f56bfc062723c751e8b465ee728b)  -> (artifact id: '4ce1ff3d10622f00456c19c63eb12f19') in 0.241058 seconds
  Import took 0.243662 seconds .

========================================================================
Received Import Request.
  Time since last request: 0.000256 seconds.
  path: Assets/Space Kit/Models/metalTileConnectStraight.fbx
  artifactKey: Guid(1cd82cb2aefb90948a9644ba5e989aac) Importer(815301076,1909f56bfc062723c751e8b465ee728b)
Start importing Assets/Space Kit/Models/metalTileConnectStraight.fbx using Guid(1cd82cb2aefb90948a9644ba5e989aac) Importer(815301076,1909f56bfc062723c751e8b465ee728b)  -> (artifact id: 'eb737a5b3a86bac60492110e7aec690c') in 0.274937 seconds
  Import took 0.277631 seconds .

========================================================================
Received Import Request.
  Time since last request: 0.000255 seconds.
  path: Assets/Space Kit/Models/itemWeapon.fbx
  artifactKey: Guid(c616c3ac464a66d4c843ef070f520f89) Importer(815301076,1909f56bfc062723c751e8b465ee728b)
Start importing Assets/Space Kit/Models/itemWeapon.fbx using Guid(c616c3ac464a66d4c843ef070f520f89) Importer(815301076,1909f56bfc062723c751e8b465ee728b)  -> (artifact id: 'fda37d35e772b2cb08b4af2e1f9100f5') in 0.274737 seconds
  Import took 0.279280 seconds .

========================================================================
Received Import Request.
  Time since last request: 0.002130 seconds.
  path: Assets/Space Kit/Models/laserSabelOff.fbx
  artifactKey: Guid(6b13035a9b490bf4d80b4008b58116cd) Importer(815301076,1909f56bfc062723c751e8b465ee728b)
Start importing Assets/Space Kit/Models/laserSabelOff.fbx using Guid(6b13035a9b490bf4d80b4008b58116cd) Importer(815301076,1909f56bfc062723c751e8b465ee728b)  -> (artifact id: '76ef9b77192c5d29509c545fa2c56608') in 0.278560 seconds
  Import took 0.287848 seconds .

========================================================================
Received Import Request.
  Time since last request: 0.000925 seconds.
  path: Assets/Space Kit/Models/pipeCornerDiagonal.fbx
  artifactKey: Guid(30ec187cb3de80c46b5573b008822137) Importer(815301076,1909f56bfc062723c751e8b465ee728b)
Start importing Assets/Space Kit/Models/pipeCornerDiagonal.fbx using Guid(30ec187cb3de80c46b5573b008822137) Importer(815301076,1909f56bfc062723c751e8b465ee728b)  -> (artifact id: '9165d8499557d9c187094c68881ce11a') in 0.311226 seconds
  Import took 0.320203 seconds .

========================================================================
Received Import Request.
  Time since last request: 0.000743 seconds.
  path: Assets/Space Kit/Models/stairsLong.fbx
  artifactKey: Guid(4244d48b4b7c5c6499e884286bcf6cca) Importer(815301076,1909f56bfc062723c751e8b465ee728b)
Start importing Assets/Space Kit/Models/stairsLong.fbx using Guid(4244d48b4b7c5c6499e884286bcf6cca) Importer(815301076,1909f56bfc062723c751e8b465ee728b)  -> (artifact id: '0808c3ec604ca13f0ec668ed6965976b') in 0.280538 seconds
  Import took 0.288050 seconds .

========================================================================
Received Import Request.
  Time since last request: 0.000871 seconds.
  path: Assets/Space Kit/Models/groundTile.fbx
  artifactKey: Guid(884e5afedfb25b04895157a0121d1696) Importer(815301076,1909f56bfc062723c751e8b465ee728b)
Start importing Assets/Space Kit/Models/groundTile.fbx using Guid(884e5afedfb25b04895157a0121d1696) Importer(815301076,1909f56bfc062723c751e8b465ee728b)  -> (artifact id: '0f180794575dcf22cc319e211b50fc70') in 0.256858 seconds
  Import took 0.264067 seconds .

========================================================================
Received Import Request.
  Time since last request: 0.000696 seconds.
  path: Assets/Space Kit/Models/pipeStandStraightLiner.fbx
  artifactKey: Guid(9f5e301243c30e34b890520da6f4e4be) Importer(815301076,1909f56bfc062723c751e8b465ee728b)
Start importing Assets/Space Kit/Models/pipeStandStraightLiner.fbx using Guid(9f5e301243c30e34b890520da6f4e4be) Importer(815301076,1909f56bfc062723c751e8b465ee728b)  -> (artifact id: '21c61f73ed979a159862593266cf9ab8') in 0.281194 seconds
  Import took 0.285706 seconds .

========================================================================
Received Import Request.
  Time since last request: 0.000329 seconds.
  path: Assets/Space Kit/Models/stairs.fbx
  artifactKey: Guid(412fd7cb03c1f3c42923ee6f57137e76) Importer(815301076,1909f56bfc062723c751e8b465ee728b)
Start importing Assets/Space Kit/Models/stairs.fbx using Guid(412fd7cb03c1f3c42923ee6f57137e76) Importer(815301076,1909f56bfc062723c751e8b465ee728b)  -> (artifact id: '7995e3afb33ef6bfdfabc4d249e42bc3') in 0.363082 seconds
  Import took 0.368286 seconds .

========================================================================
Received Import Request.
  Time since last request: 0.000683 seconds.
  path: Assets/Space Kit/Models/buildingCorridor.fbx
  artifactKey: Guid(854d78daf8512d44d933197bd8b24954) Importer(815301076,1909f56bfc062723c751e8b465ee728b)
Start importing Assets/Space Kit/Models/buildingCorridor.fbx using Guid(854d78daf8512d44d933197bd8b24954) Importer(815301076,1909f56bfc062723c751e8b465ee728b)  -> (artifact id: '080d9317b0ca0c68367128a2098fe68f') in 0.325901 seconds
  Import took 0.333617 seconds .

========================================================================
Received Import Request.
  Time since last request: 0.000902 seconds.
  path: Assets/Space Kit/Models/buildingOpen.fbx
  artifactKey: Guid(15b51d55f3af06244b87c799fb1eb72a) Importer(815301076,1909f56bfc062723c751e8b465ee728b)
Start importing Assets/Space Kit/Models/buildingOpen.fbx using Guid(15b51d55f3af06244b87c799fb1eb72a) Importer(815301076,1909f56bfc062723c751e8b465ee728b)  -> (artifact id: 'ee7a9c6e156fb6cde64c90d1a2149197') in 0.932657 seconds
  Import took 0.940993 seconds .

========================================================================
Received Import Request.
  Time since last request: 0.000553 seconds.
  path: Assets/Space Kit/Models/frameLowTile.fbx
  artifactKey: Guid(f075a6474727b7840bbe0e78b6f7d8a6) Importer(815301076,1909f56bfc062723c751e8b465ee728b)
Start importing Assets/Space Kit/Models/frameLowTile.fbx using Guid(f075a6474727b7840bbe0e78b6f7d8a6) Importer(815301076,1909f56bfc062723c751e8b465ee728b)  -> (artifact id: 'eeecd5dfb2ce0020a460faa7123a1b8b') in 0.260525 seconds
  Import took 0.267166 seconds .

========================================================================
Received Import Request.
  Time since last request: 0.000635 seconds.
  path: Assets/Space Kit/Models/metalStructureCross.fbx
  artifactKey: Guid(903a81c463d23e141900b34272cffd80) Importer(815301076,1909f56bfc062723c751e8b465ee728b)
Start importing Assets/Space Kit/Models/metalStructureCross.fbx using Guid(903a81c463d23e141900b34272cffd80) Importer(815301076,1909f56bfc062723c751e8b465ee728b)  -> (artifact id: '6c1fa1a0d23a83be700a2d44e99b79a5') in 1.013286 seconds
  Import took 1.022077 seconds .

========================================================================
Received Import Request.
  Time since last request: 0.000803 seconds.
  path: Assets/Space Kit/Models/frameLow.fbx
  artifactKey: Guid(eafb86c44a02f7f47bd2baaeae31e50d) Importer(815301076,1909f56bfc062723c751e8b465ee728b)
Start importing Assets/Space Kit/Models/frameLow.fbx using Guid(eafb86c44a02f7f47bd2baaeae31e50d) Importer(815301076,1909f56bfc062723c751e8b465ee728b)  -> (artifact id: 'c02fb86a4aec26c2e5bdc9a4ff4f957f') in 0.268511 seconds
  Import took 0.275991 seconds .

========================================================================
Received Import Request.
  Time since last request: 0.000974 seconds.
  path: Assets/Space Kit/Models/metalStructure.fbx
  artifactKey: Guid(ff17f1a18fb5c41448cd0567c3c37aa5) Importer(815301076,1909f56bfc062723c751e8b465ee728b)
Start importing Assets/Space Kit/Models/metalStructure.fbx using Guid(ff17f1a18fb5c41448cd0567c3c37aa5) Importer(815301076,1909f56bfc062723c751e8b465ee728b)  -> (artifact id: '70c9d76cf1505ee135e8b154ff7eae6f') in 0.278450 seconds
  Import took 0.287379 seconds .

========================================================================
Received Import Request.
  Time since last request: 0.000842 seconds.
  path: Assets/Space Kit/Models/pipeStraight.fbx
  artifactKey: Guid(f7b1dd6ba34126d4fb22bff1f6046947) Importer(815301076,1909f56bfc062723c751e8b465ee728b)
Start importing Assets/Space Kit/Models/pipeStraight.fbx using Guid(f7b1dd6ba34126d4fb22bff1f6046947) Importer(815301076,1909f56bfc062723c751e8b465ee728b)  -> (artifact id: '2a8fa841ad387f4d796a78b7c4035b87') in 0.257037 seconds
  Import took 0.265802 seconds .

========================================================================
Received Import Request.
  Time since last request: 0.000963 seconds.
  path: Assets/Space Kit/Models/metalTileDouble.fbx
  artifactKey: Guid(c63665a76c5f700458192df582767e39) Importer(815301076,1909f56bfc062723c751e8b465ee728b)
Start importing Assets/Space Kit/Models/metalTileDouble.fbx using Guid(c63665a76c5f700458192df582767e39) Importer(815301076,1909f56bfc062723c751e8b465ee728b)  -> (artifact id: 'a6d7029aed797bfcb529da6db6c73135') in 0.267667 seconds
  Import took 0.273383 seconds .

========================================================================
Received Import Request.
  Time since last request: 0.000499 seconds.
  path: Assets/Space Kit/Models/satelliteDish.fbx
  artifactKey: Guid(8e66f50820ab80449a76c1157ee72d26) Importer(815301076,1909f56bfc062723c751e8b465ee728b)
Start importing Assets/Space Kit/Models/satelliteDish.fbx using Guid(8e66f50820ab80449a76c1157ee72d26) Importer(815301076,1909f56bfc062723c751e8b465ee728b)  -> (artifact id: '432eefb660de07bad22907eb195247ae') in 0.239023 seconds
  Import took 0.245792 seconds .

========================================================================
Received Import Request.
  Time since last request: 0.000842 seconds.
  path: Assets/Space Kit/Models/station.fbx
  artifactKey: Guid(129db778615f52f4987a4be6a1dd86b7) Importer(815301076,1909f56bfc062723c751e8b465ee728b)
Start importing Assets/Space Kit/Models/station.fbx using Guid(129db778615f52f4987a4be6a1dd86b7) Importer(815301076,1909f56bfc062723c751e8b465ee728b)  -> (artifact id: '473c094fa0835ed316317b39979c065a') in 0.245856 seconds
  Import took 0.254428 seconds .

========================================================================
Received Import Request.
  Time since last request: 0.000870 seconds.
  path: Assets/Space Kit/Models/stationLarge.fbx
  artifactKey: Guid(e4964c9b65913c44092202a7bd16c758) Importer(815301076,1909f56bfc062723c751e8b465ee728b)
Start importing Assets/Space Kit/Models/stationLarge.fbx using Guid(e4964c9b65913c44092202a7bd16c758) Importer(815301076,1909f56bfc062723c751e8b465ee728b)  -> (artifact id: '82a2661c301bbf203470eb2f26e76f0e') in 0.256655 seconds
  Import took 0.265608 seconds .

========================================================================
Received Import Request.
  Time since last request: 0.000720 seconds.
  path: Assets/Space Kit/Models/metalFenceDouble.fbx
  artifactKey: Guid(bb3371ca856f3c14f95a110d1e09f18e) Importer(815301076,1909f56bfc062723c751e8b465ee728b)
Start importing Assets/Space Kit/Models/metalFenceDouble.fbx using Guid(bb3371ca856f3c14f95a110d1e09f18e) Importer(815301076,1909f56bfc062723c751e8b465ee728b)  -> (artifact id: '8e8c066ead11c05f79e05cfc2e8685c1') in 0.256504 seconds
  Import took 0.261304 seconds .

========================================================================
Received Import Request.
  Time since last request: 0.000329 seconds.
  path: Assets/Space Kit/Models/spaceCraft1.fbx
  artifactKey: Guid(47301a8c3f34bdc458c3efe0c7bfc851) Importer(815301076,1909f56bfc062723c751e8b465ee728b)
Start importing Assets/Space Kit/Models/spaceCraft1.fbx using Guid(47301a8c3f34bdc458c3efe0c7bfc851) Importer(815301076,1909f56bfc062723c751e8b465ee728b)  -> (artifact id: 'a48dbae07b7a91fe8a5bb211b45e959b') in 0.252645 seconds
  Import took 0.258799 seconds .

========================================================================
Received Import Request.
  Time since last request: 0.000940 seconds.
  path: Assets/Space Kit/Models/frameHighTile.fbx
  artifactKey: Guid(faa3d69d651f34047b82fff437f44f82) Importer(815301076,1909f56bfc062723c751e8b465ee728b)
Start importing Assets/Space Kit/Models/frameHighTile.fbx using Guid(faa3d69d651f34047b82fff437f44f82) Importer(815301076,1909f56bfc062723c751e8b465ee728b)  -> (artifact id: '57711d8b17430814aa58f0f11d265d89') in 0.268356 seconds
  Import took 0.273693 seconds .

========================================================================
Received Import Request.
  Time since last request: 0.000428 seconds.
  path: Assets/Space Kit/Models/pipeSplit.fbx
  artifactKey: Guid(b6226f2b32099754c8b180dead16a1ee) Importer(815301076,1909f56bfc062723c751e8b465ee728b)
Start importing Assets/Space Kit/Models/pipeSplit.fbx using Guid(b6226f2b32099754c8b180dead16a1ee) Importer(815301076,1909f56bfc062723c751e8b465ee728b)  -> (artifact id: 'aa25c4fd1100928366279363d7e53ec4') in 0.395188 seconds
  Import took 0.399088 seconds .

========================================================================
Received Import Request.
  Time since last request: 749.773698 seconds.
  path: Assets
  artifactKey: Guid(00000000000000001000000000000000) Importer(815301076,1909f56bfc062723c751e8b465ee728b)
Start importing Assets using Guid(00000000000000001000000000000000) Importer(815301076,1909f56bfc062723c751e8b465ee728b)  -> (artifact id: '025e4f587c23674256bb898581e82961') in 0.128452 seconds
  Import took 0.132841 seconds .

========================================================================
Received Import Request.
  Time since last request: 29.791157 seconds.
  path: Assets/Materials
  artifactKey: Guid(129727f2afa93744782e809a60cd9f54) Importer(815301076,1909f56bfc062723c751e8b465ee728b)
Start importing Assets/Materials using Guid(129727f2afa93744782e809a60cd9f54) Importer(815301076,1909f56bfc062723c751e8b465ee728b)  -> (artifact id: 'c2b2f42a238933fcb9868781174fc6c1') in 0.113433 seconds
  Import took 0.117102 seconds .

========================================================================
Received Import Request.
  Time since last request: 15.122749 seconds.
  path: Assets/Materials/Projectile.mat
  artifactKey: Guid(1cef17409e8d9f04e918efd161c8c428) Importer(815301076,1909f56bfc062723c751e8b465ee728b)
Start importing Assets/Materials/Projectile.mat using Guid(1cef17409e8d9f04e918efd161c8c428) Importer(815301076,1909f56bfc062723c751e8b465ee728b)  -> (artifact id: '01f8bdd94720b92254810fd1d0ce8301') in 0.163542 seconds
  Import took 0.166889 seconds .

========================================================================
Received Import Request.
  Time since last request: 95.121607 seconds.
  path: Assets/Materials/Projectile.mat
  artifactKey: Guid(1cef17409e8d9f04e918efd161c8c428) Importer(815301076,1909f56bfc062723c751e8b465ee728b)
Start importing Assets/Materials/Projectile.mat using Guid(1cef17409e8d9f04e918efd161c8c428) Importer(815301076,1909f56bfc062723c751e8b465ee728b)  -> (artifact id: 'f0b24ba3d7f16a2253a433150865c2fe') in 0.176676 seconds
  Import took 0.181051 seconds .

========================================================================
Received Import Request.
  Time since last request: 95.091597 seconds.
  path: Assets/Prefab/Projectile.prefab
  artifactKey: Guid(0961ac06461aedb45bc7048c75c95c9b) Importer(815301076,1909f56bfc062723c751e8b465ee728b)
Start importing Assets/Prefab/Projectile.prefab using Guid(0961ac06461aedb45bc7048c75c95c9b) Importer(815301076,1909f56bfc062723c751e8b465ee728b)  -> (artifact id: '7232c358551165c82fe053eeb1ee704f') in 0.147593 seconds
  Import took 0.154026 seconds .

========================================================================
Received Import Request.
  Time since last request: 20.551343 seconds.
  path: Assets/Scripts.cs
  artifactKey: Guid(68d49af41af16174ebf7264741349ddb) Importer(815301076,1909f56bfc062723c751e8b465ee728b)
Start importing Assets/Scripts.cs using Guid(68d49af41af16174ebf7264741349ddb) Importer(815301076,1909f56bfc062723c751e8b465ee728b)  -> (artifact id: 'a575190f4bb277c7304eb0e366b6cfdd') in 0.153237 seconds
  Import took 0.157068 seconds .

========================================================================
Received Prepare
Registering precompiled user dll's ...
Registered in 0.000685 seconds.
Begin MonoManager ReloadAssembly
Native extension for WindowsStandalone target not found
Refreshing native plugins compatible for Editor in 0.32 ms, found 0 plugins.
Preloading 0 native plugins for Editor in 0.00 ms.
Mono: successfully reloaded assembly
- Completed reload, in  0.794 seconds
Platform modules already initialized, skipping
Refreshing native plugins compatible for Editor in 0.33 ms, found 0 plugins.
Preloading 0 native plugins for Editor in 0.00 ms.
Unloading 1430 Unused Serialized files (Serialized files now loaded: 0)
System memory in use before: 71.2 MB.
System memory in use after: 71.2 MB.

Unloading 8 unused Assets to reduce memory usage. Loaded Objects now: 1949.
Total: 7.593500 ms (FindLiveObjects: 0.486100 ms CreateObjectMapping: 0.307600 ms MarkObjects: 6.460700 ms  DeleteObjects: 0.334900 ms)

========================================================================
Received Prepare
Registering precompiled user dll's ...
Registered in 0.000735 seconds.
Begin MonoManager ReloadAssembly
Native extension for WindowsStandalone target not found
Refreshing native plugins compatible for Editor in 0.28 ms, found 0 plugins.
Preloading 0 native plugins for Editor in 0.00 ms.
Mono: successfully reloaded assembly
- Completed reload, in  0.809 seconds
Platform modules already initialized, skipping
Refreshing native plugins compatible for Editor in 0.27 ms, found 0 plugins.
Preloading 0 native plugins for Editor in 0.00 ms.
Unloading 1429 Unused Serialized files (Serialized files now loaded: 0)
System memory in use before: 71.2 MB.
System memory in use after: 71.2 MB.

Unloading 9 unused Assets to reduce memory usage. Loaded Objects now: 1952.
Total: 1.807500 ms (FindLiveObjects: 0.181300 ms CreateObjectMapping: 0.045900 ms MarkObjects: 1.488500 ms  DeleteObjects: 0.090900 ms)

========================================================================
Received Import Request.
  Time since last request: 19.994184 seconds.
  path: Assets/Scripts
  artifactKey: Guid(a292898d93af32644b6785697708f05d) Importer(815301076,1909f56bfc062723c751e8b465ee728b)
Start importing Assets/Scripts using Guid(a292898d93af32644b6785697708f05d) Importer(815301076,1909f56bfc062723c751e8b465ee728b)  -> (artifact id: '4abba85d1f0ebf42afc21a8fc7a39423') in 0.157838 seconds
  Import took 0.160972 seconds .

========================================================================
Received Import Request.
  Time since last request: 9.503659 seconds.
  path: Assets/Scripts/shooting.cs
  artifactKey: Guid(af7c4c3be1aed5545a3477c502911d4a) Importer(815301076,1909f56bfc062723c751e8b465ee728b)
Start importing Assets/Scripts/shooting.cs using Guid(af7c4c3be1aed5545a3477c502911d4a) Importer(815301076,1909f56bfc062723c751e8b465ee728b)  -> (artifact id: '7ba92667344f4a78d98a2a85c4318be7') in 0.159533 seconds
  Import took 0.163343 seconds .

========================================================================
Received Prepare
Registering precompiled user dll's ...
Registered in 0.000690 seconds.
Begin MonoManager ReloadAssembly
Native extension for WindowsStandalone target not found
Refreshing native plugins compatible for Editor in 0.37 ms, found 0 plugins.
Preloading 0 native plugins for Editor in 0.00 ms.
Mono: successfully reloaded assembly
- Completed reload, in  0.882 seconds
Platform modules already initialized, skipping
Refreshing native plugins compatible for Editor in 0.41 ms, found 0 plugins.
Preloading 0 native plugins for Editor in 0.00 ms.
Unloading 1430 Unused Serialized files (Serialized files now loaded: 0)
System memory in use before: 71.2 MB.
System memory in use after: 71.2 MB.

Unloading 8 unused Assets to reduce memory usage. Loaded Objects now: 1957.
Total: 1.940600 ms (FindLiveObjects: 0.222000 ms CreateObjectMapping: 0.063100 ms MarkObjects: 1.491100 ms  DeleteObjects: 0.163200 ms)

========================================================================
Received Import Request.
  Time since last request: 12.327575 seconds.
  path: Assets/Scripts/Shooting.cs
  artifactKey: Guid(af7c4c3be1aed5545a3477c502911d4a) Importer(815301076,1909f56bfc062723c751e8b465ee728b)
Start importing Assets/Scripts/Shooting.cs using Guid(af7c4c3be1aed5545a3477c502911d4a) Importer(815301076,1909f56bfc062723c751e8b465ee728b)  -> (artifact id: '5212f404b9e0664649ed5d6b9a84d657') in 0.147043 seconds
  Import took 0.150606 seconds .

========================================================================
Received Prepare
Registering precompiled user dll's ...
Registered in 0.000682 seconds.
Begin MonoManager ReloadAssembly
Native extension for WindowsStandalone target not found
Refreshing native plugins compatible for Editor in 0.34 ms, found 0 plugins.
Preloading 0 native plugins for Editor in 0.00 ms.
Mono: successfully reloaded assembly
- Completed reload, in  0.788 seconds
Platform modules already initialized, skipping
Refreshing native plugins compatible for Editor in 0.28 ms, found 0 plugins.
Preloading 0 native plugins for Editor in 0.00 ms.
Unloading 1430 Unused Serialized files (Serialized files now loaded: 0)
System memory in use before: 71.2 MB.
System memory in use after: 71.2 MB.

Unloading 8 unused Assets to reduce memory usage. Loaded Objects now: 1961.
Total: 1.904100 ms (FindLiveObjects: 0.176400 ms CreateObjectMapping: 0.058900 ms MarkObjects: 1.574700 ms  DeleteObjects: 0.093000 ms)

========================================================================
Received Prepare
Registering precompiled user dll's ...
Registered in 0.000783 seconds.
Begin MonoManager ReloadAssembly
Native extension for WindowsStandalone target not found
Refreshing native plugins compatible for Editor in 0.28 ms, found 0 plugins.
Preloading 0 native plugins for Editor in 0.00 ms.
Mono: successfully reloaded assembly
- Completed reload, in  0.896 seconds
Platform modules already initialized, skipping
Refreshing native plugins compatible for Editor in 0.42 ms, found 0 plugins.
Preloading 0 native plugins for Editor in 0.00 ms.
Unloading 1431 Unused Serialized files (Serialized files now loaded: 0)
System memory in use before: 71.3 MB.
System memory in use after: 71.3 MB.

Unloading 8 unused Assets to reduce memory usage. Loaded Objects now: 1966.
Total: 2.359300 ms (FindLiveObjects: 0.318500 ms CreateObjectMapping: 0.085900 ms MarkObjects: 1.821300 ms  DeleteObjects: 0.131800 ms)

========================================================================
Received Prepare
Registering precompiled user dll's ...
Registered in 0.000867 seconds.
Begin MonoManager ReloadAssembly
Native extension for WindowsStandalone target not found
Refreshing native plugins compatible for Editor in 0.27 ms, found 0 plugins.
Preloading 0 native plugins for Editor in 0.00 ms.
Mono: successfully reloaded assembly
- Completed reload, in  0.814 seconds
Platform modules already initialized, skipping
Refreshing native plugins compatible for Editor in 0.45 ms, found 0 plugins.
Preloading 0 native plugins for Editor in 0.00 ms.
Unloading 1430 Unused Serialized files (Serialized files now loaded: 0)
System memory in use before: 71.2 MB.
System memory in use after: 71.2 MB.

Unloading 9 unused Assets to reduce memory usage. Loaded Objects now: 1969.
Total: 2.125400 ms (FindLiveObjects: 0.276400 ms CreateObjectMapping: 0.074100 ms MarkObjects: 1.661300 ms  DeleteObjects: 0.111900 ms)

========================================================================
Received Import Request.
  Time since last request: 161.764017 seconds.
  path: Assets/Scripts/Shooting.cs
  artifactKey: Guid(af7c4c3be1aed5545a3477c502911d4a) Importer(815301076,1909f56bfc062723c751e8b465ee728b)
Start importing Assets/Scripts/Shooting.cs using Guid(af7c4c3be1aed5545a3477c502911d4a) Importer(815301076,1909f56bfc062723c751e8b465ee728b)  -> (artifact id: '2881b6a177cdbdc372248f2ed72920a3') in 0.123017 seconds
  Import took 0.126297 seconds .

========================================================================
Received Import Request.
  Time since last request: 64.438873 seconds.
  path: Assets/Shooting.cs
  artifactKey: Guid(6f2e9c3b999e7424988e1f5bcb993e6d) Importer(815301076,1909f56bfc062723c751e8b465ee728b)
Start importing Assets/Shooting.cs using Guid(6f2e9c3b999e7424988e1f5bcb993e6d) Importer(815301076,1909f56bfc062723c751e8b465ee728b)  -> (artifact id: '79a4ffc4a89a820b49ab3e48c7cee4ce') in 0.137468 seconds
  Import took 0.142870 seconds .

========================================================================
Received Prepare
Registering precompiled user dll's ...
Registered in 0.001236 seconds.
Begin MonoManager ReloadAssembly
Native extension for WindowsStandalone target not found
Refreshing native plugins compatible for Editor in 0.27 ms, found 0 plugins.
Preloading 0 native plugins for Editor in 0.00 ms.
Mono: successfully reloaded assembly
- Completed reload, in  0.792 seconds
Platform modules already initialized, skipping
Refreshing native plugins compatible for Editor in 0.32 ms, found 0 plugins.
Preloading 0 native plugins for Editor in 0.00 ms.
Unloading 1430 Unused Serialized files (Serialized files now loaded: 0)
System memory in use before: 71.3 MB.
System memory in use after: 71.3 MB.

Unloading 8 unused Assets to reduce memory usage. Loaded Objects now: 1973.
Total: 2.191100 ms (FindLiveObjects: 0.214100 ms CreateObjectMapping: 0.066600 ms MarkObjects: 1.793800 ms  DeleteObjects: 0.115300 ms)

========================================================================
Received Prepare
Registering precompiled user dll's ...
Registered in 0.001451 seconds.
Begin MonoManager ReloadAssembly
Native extension for WindowsStandalone target not found
Refreshing native plugins compatible for Editor in 0.31 ms, found 0 plugins.
Preloading 0 native plugins for Editor in 0.00 ms.
Mono: successfully reloaded assembly
- Completed reload, in  0.812 seconds
Platform modules already initialized, skipping
Refreshing native plugins compatible for Editor in 0.29 ms, found 0 plugins.
Preloading 0 native plugins for Editor in 0.00 ms.
Unloading 1430 Unused Serialized files (Serialized files now loaded: 0)
System memory in use before: 71.3 MB.
System memory in use after: 71.3 MB.

Unloading 8 unused Assets to reduce memory usage. Loaded Objects now: 1977.
Total: 2.054900 ms (FindLiveObjects: 0.177600 ms CreateObjectMapping: 0.051200 ms MarkObjects: 1.666500 ms  DeleteObjects: 0.158300 ms)

========================================================================
Received Import Request.
  Time since last request: 123.983110 seconds.
  path: Assets/Shooting.cs
  artifactKey: Guid(6f2e9c3b999e7424988e1f5bcb993e6d) Importer(815301076,1909f56bfc062723c751e8b465ee728b)
Start importing Assets/Shooting.cs using Guid(6f2e9c3b999e7424988e1f5bcb993e6d) Importer(815301076,1909f56bfc062723c751e8b465ee728b)  -> (artifact id: '6fcb3933afd37a072733a383bf4f0f7d') in 0.179562 seconds
  Import took 0.182341 seconds .

========================================================================
Received Prepare
Registering precompiled user dll's ...
Registered in 0.000790 seconds.
Begin MonoManager ReloadAssembly
Native extension for WindowsStandalone target not found
Refreshing native plugins compatible for Editor in 0.28 ms, found 0 plugins.
Preloading 0 native plugins for Editor in 0.00 ms.
Mono: successfully reloaded assembly
- Completed reload, in  0.790 seconds
Platform modules already initialized, skipping
Refreshing native plugins compatible for Editor in 0.36 ms, found 0 plugins.
Preloading 0 native plugins for Editor in 0.00 ms.
Unloading 1430 Unused Serialized files (Serialized files now loaded: 0)
System memory in use before: 71.3 MB.
System memory in use after: 71.3 MB.

Unloading 8 unused Assets to reduce memory usage. Loaded Objects now: 1981.
Total: 2.040400 ms (FindLiveObjects: 0.203300 ms CreateObjectMapping: 0.072300 ms MarkObjects: 1.669100 ms  DeleteObjects: 0.094800 ms)

========================================================================
Received Import Request.
  Time since last request: 2639.931796 seconds.
  path: Assets/Prefab
  artifactKey: Guid(6cb5be31a88593048a1e69c788a90cce) Importer(815301076,1909f56bfc062723c751e8b465ee728b)
Start importing Assets/Prefab using Guid(6cb5be31a88593048a1e69c788a90cce) Importer(815301076,1909f56bfc062723c751e8b465ee728b)  -> (artifact id: 'aa436aec00e225789c76d494d55b8211') in 2.853624 seconds
  Import took 2.856983 seconds .

========================================================================
Received Prepare
Registering precompiled user dll's ...
Registered in 0.000741 seconds.
Begin MonoManager ReloadAssembly
Native extension for WindowsStandalone target not found
Refreshing native plugins compatible for Editor in 0.28 ms, found 0 plugins.
Preloading 0 native plugins for Editor in 0.00 ms.
Mono: successfully reloaded assembly
- Completed reload, in  0.843 seconds
Platform modules already initialized, skipping
Refreshing native plugins compatible for Editor in 0.30 ms, found 0 plugins.
Preloading 0 native plugins for Editor in 0.00 ms.
Unloading 1430 Unused Serialized files (Serialized files now loaded: 0)
System memory in use before: 71.3 MB.
System memory in use after: 71.3 MB.

Unloading 8 unused Assets to reduce memory usage. Loaded Objects now: 1985.
Total: 1.735200 ms (FindLiveObjects: 0.173900 ms CreateObjectMapping: 0.050700 ms MarkObjects: 1.409000 ms  DeleteObjects: 0.100500 ms)

========================================================================
Received Prepare
Registering precompiled user dll's ...
Registered in 0.000793 seconds.
Begin MonoManager ReloadAssembly
Native extension for WindowsStandalone target not found
Refreshing native plugins compatible for Editor in 0.53 ms, found 0 plugins.
Preloading 0 native plugins for Editor in 0.00 ms.
Mono: successfully reloaded assembly
- Completed reload, in  0.962 seconds
Platform modules already initialized, skipping
Switching build target platform(5) subTarget(0) extendedPlatform(0) -> platform(13) subTarget(589824) extendedPlatform(0)
Refreshing native plugins compatible for Editor in 0.46 ms, found 0 plugins.
Preloading 0 native plugins for Editor in 0.00 ms.
Unloading 1434 Unused Serialized files (Serialized files now loaded: 0)
System memory in use before: 71.2 MB.
System memory in use after: 71.2 MB.

Unloading 8 unused Assets to reduce memory usage. Loaded Objects now: 1989.
Total: 2.234100 ms (FindLiveObjects: 0.386500 ms CreateObjectMapping: 0.085200 ms MarkObjects: 1.656700 ms  DeleteObjects: 0.099300 ms)

AssetImportParameters requested are different than current active one (requested -> active):
  custom:graphics/normal-map-encoding: 01000000000000000000000000000000 -> 02000000000000000000000000000000
========================================================================
Received Prepare
Refreshing native plugins compatible for Editor in 0.71 ms, found 0 plugins.
Preloading 0 native plugins for Editor in 0.00 ms.
Unloading 5 Unused Serialized files (Serialized files now loaded: 0)
System memory in use before: 42.6 MB.
System memory in use after: 42.6 MB.

Unloading 5 unused Assets to reduce memory usage. Loaded Objects now: 1989.
Total: 2.071200 ms (FindLiveObjects: 0.264200 ms CreateObjectMapping: 0.066700 ms MarkObjects: 1.643200 ms  DeleteObjects: 0.094900 ms)

========================================================================
Received Prepare
Registering precompiled user dll's ...
Registered in 0.002193 seconds.
Begin MonoManager ReloadAssembly
Native extension for WindowsStandalone target not found
Refreshing native plugins compatible for Editor in 0.30 ms, found 0 plugins.
Preloading 0 native plugins for Editor in 0.00 ms.
Mono: successfully reloaded assembly
- Completed reload, in  1.007 seconds
Platform modules already initialized, skipping
Switching build target platform(5) subTarget(0) extendedPlatform(0) -> platform(13) subTarget(589824) extendedPlatform(0)
Refreshing native plugins compatible for Editor in 0.26 ms, found 0 plugins.
Preloading 0 native plugins for Editor in 0.00 ms.
Unloading 1434 Unused Serialized files (Serialized files now loaded: 0)
System memory in use before: 71.2 MB.
System memory in use after: 71.2 MB.

Unloading 8 unused Assets to reduce memory usage. Loaded Objects now: 1993.
Total: 1.692800 ms (FindLiveObjects: 0.215800 ms CreateObjectMapping: 0.061800 ms MarkObjects: 1.327400 ms  DeleteObjects: 0.086800 ms)

AssetImportParameters requested are different than current active one (requested -> active):
  custom:graphics/normal-map-encoding: 01000000000000000000000000000000 -> 02000000000000000000000000000000
AssetImportWorkerClient::OnTransportError - code=2 error=End of file
